#
# A fatal error has been detected by the Java Runtime Environment:
#
#  EXCEPTION_ACCESS_VIOLATION (0xc0000005) at pc=0x000000005b4f5cbc, pid=6900, tid=4340
#
# JRE version: Java(TM) SE Runtime Environment (8.0_05-b13) (build 1.8.0_05-b13)
# Java VM: Java HotSpot(TM) 64-Bit Server VM (25.5-b02 mixed mode windows-amd64 compressed oops)
# Problematic frame:
# V  [jvm.dll+0x425cbc]
#
# Failed to write core dump. Minidumps are not enabled by default on client versions of Windows
#
# If you would like to submit a bug report, please visit:
#   http://bugreport.sun.com/bugreport/crash.jsp
#

---------------  T H R E A D  ---------------

Current thread (0x00000000177d1000):  JavaThread "C2 CompilerThread2" daemon [_thread_in_native, id=4340, stack(0x0000000017fa0000,0x00000000180a0000)]

siginfo: ExceptionCode=0xc0000005, writing address 0x0000000000000014

Registers:
RAX=0x000000000000055d, RBX=0x000000001d4dc020, RCX=0x0000000000000001, RDX=0x000000001b961148
RSP=0x000000001809c350, RBP=0x000000001809c3c8, RSI=0x0000000000000004, RDI=0x000000001b960d30
R8 =0x00000000000000ef, R9 =0x000000001aa47d00, R10=0x0000000000000008, R11=0x0000000000000004
R12=0x000000001809e8d0, R13=0x0000000000000008, R14=0x000000001d556710, R15=0x000000001b961090
RIP=0x000000005b4f5cbc, EFLAGS=0x0000000000010246

Top of Stack: (sp=0x000000001809c350)
0x000000001809c350:   0000000000000010 000000001d4dc020
0x000000001809c360:   00000000000000ef 000000001aa47d00
0x000000001809c370:   00000000177c43a0 000000001aa47d00
0x000000001809c380:   00000000177c43a0 00000000000001de
0x000000001809c390:   0000000000000778 0000000000000200
0x000000001809c3a0:   00000000177c43a0 000000001b949bc0
0x000000001809c3b0:   0000000000000016 00000000177c43a0
0x000000001809c3c0:   000000001aa25b40 000000001809f024
0x000000001809c3d0:   000000005b66f308 000000001809e8d0
0x000000001809c3e0:   0000000019607b48 000000001902c2b0
0x000000001809c3f0:   000000001809f098 000000001809e8d0
0x000000001809c400:   000000001809c550 000000005b595874
0x000000001809c410:   000000001809e8d0 00000000000000ef
0x000000001809c420:   000000001aa47d00 0000000000000000
0x000000001809c430:   000000005b66f308 0000000000000000
0x000000001809c440:   000000001809e8d0 000000005b51123c 

Instructions: (pc=0x000000005b4f5cbc)
0x000000005b4f5c9c:   8b 13 e8 35 ff 16 00 4c 8b 45 c8 48 8b 53 08 48
0x000000005b4f5cac:   8b 4e 08 e8 24 ff 16 00 4c 8b 4d 58 44 8b 45 50
0x000000005b4f5cbc:   48 c7 46 10 00 00 00 00 8b 47 4c 48 8b ce 49 89
0x000000005b4f5ccc:   34 c6 48 89 7e 10 49 8b 94 24 48 07 00 00 e8 11 


Register to memory mapping:

RAX=0x000000000000055d is an unknown value
RBX=0x000000001d4dc020 is an unknown value
RCX=0x0000000000000001 is an unknown value
RDX=0x000000001b961148 is an unknown value
RSP=0x000000001809c350 is pointing into the stack for thread: 0x00000000177d1000
RBP=0x000000001809c3c8 is pointing into the stack for thread: 0x00000000177d1000
RSI=0x0000000000000004 is an unknown value
RDI=0x000000001b960d30 is an unknown value
R8 =0x00000000000000ef is an unknown value
R9 =0x000000001aa47d00 is an unknown value
R10=0x0000000000000008 is an unknown value
R11=0x0000000000000004 is an unknown value
R12=0x000000001809e8d0 is pointing into the stack for thread: 0x00000000177d1000
R13=0x0000000000000008 is an unknown value
R14=0x000000001d556710 is an unknown value
R15=0x000000001b961090 is an unknown value


Stack: [0x0000000017fa0000,0x00000000180a0000],  sp=0x000000001809c350,  free space=1008k
Native frames: (J=compiled Java code, j=interpreted, Vv=VM code, C=native code)
V  [jvm.dll+0x425cbc]
V  [jvm.dll+0x4c5874]
V  [jvm.dll+0x44123c]
V  [jvm.dll+0x4436a9]
V  [jvm.dll+0x427532]
V  [jvm.dll+0x96702]
V  [jvm.dll+0x96ef3]
V  [jvm.dll+0x2232c4]
V  [jvm.dll+0x27baca]
C  [msvcr100.dll+0x21d9f]
C  [msvcr100.dll+0x21e3b]
C  [KERNEL32.DLL+0x13d2]
C  [ntdll.dll+0x154e4]


Current CompileTask:
C2:   6953 4252       4       java.net.URLClassLoader$1::run (5 bytes)


---------------  P R O C E S S  ---------------

Java Threads: ( => current thread )
  0x0000000017860800 JavaThread "Service Thread" daemon [_thread_blocked, id=6792, stack(0x00000000181a0000,0x00000000182a0000)]
  0x00000000177d6800 JavaThread "C1 CompilerThread3" daemon [_thread_blocked, id=5584, stack(0x00000000180a0000,0x00000000181a0000)]
=>0x00000000177d1000 JavaThread "C2 CompilerThread2" daemon [_thread_in_native, id=4340, stack(0x0000000017fa0000,0x00000000180a0000)]
  0x00000000177ca000 JavaThread "C2 CompilerThread1" daemon [_thread_in_native, id=2752, stack(0x0000000017ea0000,0x0000000017fa0000)]
  0x00000000177c7000 JavaThread "C2 CompilerThread0" daemon [_thread_blocked, id=4212, stack(0x0000000017da0000,0x0000000017ea0000)]
  0x00000000177c5800 JavaThread "Attach Listener" daemon [_thread_blocked, id=6500, stack(0x0000000017ca0000,0x0000000017da0000)]
  0x00000000177c5000 JavaThread "Signal Dispatcher" daemon [_thread_blocked, id=6768, stack(0x0000000017ba0000,0x0000000017ca0000)]
  0x0000000002d98000 JavaThread "Finalizer" daemon [_thread_blocked, id=2980, stack(0x00000000176a0000,0x00000000177a0000)]
  0x00000000157cc000 JavaThread "Reference Handler" daemon [_thread_blocked, id=5948, stack(0x00000000175a0000,0x00000000176a0000)]
  0x00000000013ed800 JavaThread "main" [_thread_in_vm, id=6444, stack(0x0000000002b50000,0x0000000002c50000)]

Other Threads:
  0x00000000157c7800 VMThread [stack: 0x00000000174a0000,0x00000000175a0000] [id=6512]
  0x0000000017861800 WatcherThread [stack: 0x00000000182a0000,0x00000000183a0000] [id=2664]

VM state:not at safepoint (normal execution)

VM Mutex/Monitor currently owned by a thread: None

Heap:
 PSYoungGen      total 58368K, used 36361K [0x00000000eb380000, 0x00000000f0e00000, 0x0000000100000000)
  eden space 54272K, 66% used [0x00000000eb380000,0x00000000ed7024a0,0x00000000ee880000)
  from space 4096K, 0% used [0x00000000ee880000,0x00000000ee880000,0x00000000eec80000)
  to   space 8192K, 0% used [0x00000000f0600000,0x00000000f0600000,0x00000000f0e00000)
 ParOldGen       total 26624K, used 20234K [0x00000000c1a00000, 0x00000000c3400000, 0x00000000eb380000)
  object space 26624K, 76% used [0x00000000c1a00000,0x00000000c2dc2b58,0x00000000c3400000)
 Metaspace       used 23100K, capacity 23640K, committed 23808K, reserved 1071104K
  class space    used 2858K, capacity 3019K, committed 3072K, reserved 1048576K

Card table byte_map: [0x0000000012160000,0x0000000012360000] byte_map_base: 0x0000000011b53000

Marking Bits: (ParMarkBitMap*) 0x000000005b8813b0
 Begin Bits: [0x0000000012cb0000, 0x0000000013c48000)
 End Bits:   [0x0000000013c48000, 0x0000000014be0000)

Polling page: 0x0000000001380000

CodeCache: size=245760Kb used=14434Kb max_used=14434Kb free=231325Kb
 bounds [0x0000000002da0000, 0x0000000003bd0000, 0x0000000011da0000]
 total_blobs=4715 nmethods=4314 adapters=312
 compilation: enabled

Compilation events (10 events):
Event: 5.734 Thread 0x00000000177d6800 nmethod 4313 0x0000000003b97ed0 code [0x0000000003b98060, 0x0000000003b98378]
Event: 5.947 Thread 0x00000000177c7000 nmethod 4297 0x0000000003baa1d0 code [0x0000000003baac00, 0x0000000003bb2920]
Event: 5.947 Thread 0x00000000177c7000 4315       4       org.codehaus.plexus.util.SelectorUtils::match (534 bytes)
Event: 5.965 Thread 0x00000000177c7000 nmethod 4315 0x0000000003ba4510 code [0x0000000003ba46a0, 0x0000000003ba5958]
Event: 5.965 Thread 0x00000000177c7000 4316       4       org.codehaus.plexus.util.SelectorUtils::tokenizePath (38 bytes)
Event: 5.982 Thread 0x00000000177c7000 nmethod 4316 0x0000000003bc2190 code [0x0000000003bc23c0, 0x0000000003bc34c0]
Event: 5.982 Thread 0x00000000177c7000 4314       4       java.util.Vector::<init> (49 bytes)
Event: 5.982 Thread 0x00000000177c7000 nmethod 4314 0x0000000003ba9e90 code [0x0000000003ba9fe0, 0x0000000003baa118]
Event: 5.983 Thread 0x00000000177c7000 4298       4       com.google.inject.internal.LinkedBindingImpl::acceptTargetVisitor (8 bytes)
Event: 5.983 Thread 0x00000000177c7000 nmethod 4298 0x0000000003ba9b10 code [0x0000000003ba9c60, 0x0000000003ba9d38]

GC Heap History (10 events):
Event: 1.473 GC heap before
{Heap before GC invocations=14 (full 0):
 PSYoungGen      total 24064K, used 24063K [0x00000000eb380000, 0x00000000edc80000, 0x0000000100000000)
  eden space 20992K, 100% used [0x00000000eb380000,0x00000000ec800000,0x00000000ec800000)
  from space 3072K, 99% used [0x00000000ec800000,0x00000000ecaffc80,0x00000000ecb00000)
  to   space 4096K, 0% used [0x00000000ed880000,0x00000000ed880000,0x00000000edc80000)
 ParOldGen       total 64000K, used 5061K [0x00000000c1a00000, 0x00000000c5880000, 0x00000000eb380000)
  object space 64000K, 7% used [0x00000000c1a00000,0x00000000c1ef1660,0x00000000c5880000)
 Metaspace       used 14471K, capacity 14664K, committed 14976K, reserved 1062912K
  class space    used 1812K, capacity 1908K, committed 1920K, reserved 1048576K
Event: 1.477 GC heap after
Heap after GC invocations=14 (full 0):
 PSYoungGen      total 37888K, used 2206K [0x00000000eb380000, 0x00000000edc80000, 0x0000000100000000)
  eden space 33792K, 0% used [0x00000000eb380000,0x00000000eb380000,0x00000000ed480000)
  from space 4096K, 53% used [0x00000000ed880000,0x00000000edaa7b60,0x00000000edc80000)
  to   space 4096K, 0% used [0x00000000ed480000,0x00000000ed480000,0x00000000ed880000)
 ParOldGen       total 64000K, used 6601K [0x00000000c1a00000, 0x00000000c5880000, 0x00000000eb380000)
  object space 64000K, 10% used [0x00000000c1a00000,0x00000000c2072670,0x00000000c5880000)
 Metaspace       used 14471K, capacity 14664K, committed 14976K, reserved 1062912K
  class space    used 1812K, capacity 1908K, committed 1920K, reserved 1048576K
}
Event: 2.039 GC heap before
{Heap before GC invocations=15 (full 0):
 PSYoungGen      total 37888K, used 35998K [0x00000000eb380000, 0x00000000edc80000, 0x0000000100000000)
  eden space 33792K, 100% used [0x00000000eb380000,0x00000000ed480000,0x00000000ed480000)
  from space 4096K, 53% used [0x00000000ed880000,0x00000000edaa7b60,0x00000000edc80000)
  to   space 4096K, 0% used [0x00000000ed480000,0x00000000ed480000,0x00000000ed880000)
 ParOldGen       total 64000K, used 6601K [0x00000000c1a00000, 0x00000000c5880000, 0x00000000eb380000)
  object space 64000K, 10% used [0x00000000c1a00000,0x00000000c2072670,0x00000000c5880000)
 Metaspace       used 15416K, capacity 15722K, committed 15872K, reserved 1062912K
  class space    used 1914K, capacity 2023K, committed 2048K, reserved 1048576K
Event: 2.043 GC heap after
Heap after GC invocations=15 (full 0):
 PSYoungGen      total 37888K, used 2547K [0x00000000eb380000, 0x00000000ef080000, 0x0000000100000000)
  eden space 33792K, 0% used [0x00000000eb380000,0x00000000eb380000,0x00000000ed480000)
  from space 4096K, 62% used [0x00000000ed480000,0x00000000ed6fcfe0,0x00000000ed880000)
  to   space 4096K, 0% used [0x00000000eec80000,0x00000000eec80000,0x00000000ef080000)
 ParOldGen       total 64000K, used 8193K [0x00000000c1a00000, 0x00000000c5880000, 0x00000000eb380000)
  object space 64000K, 12% used [0x00000000c1a00000,0x00000000c2200670,0x00000000c5880000)
 Metaspace       used 15416K, capacity 15722K, committed 15872K, reserved 1062912K
  class space    used 1914K, capacity 2023K, committed 2048K, reserved 1048576K
}
Event: 2.895 GC heap before
{Heap before GC invocations=16 (full 0):
 PSYoungGen      total 37888K, used 36339K [0x00000000eb380000, 0x00000000ef080000, 0x0000000100000000)
  eden space 33792K, 100% used [0x00000000eb380000,0x00000000ed480000,0x00000000ed480000)
  from space 4096K, 62% used [0x00000000ed480000,0x00000000ed6fcfe0,0x00000000ed880000)
  to   space 4096K, 0% used [0x00000000eec80000,0x00000000eec80000,0x00000000ef080000)
 ParOldGen       total 64000K, used 8193K [0x00000000c1a00000, 0x00000000c5880000, 0x00000000eb380000)
  object space 64000K, 12% used [0x00000000c1a00000,0x00000000c2200670,0x00000000c5880000)
 Metaspace       used 18494K, capacity 18798K, committed 18944K, reserved 1064960K
  class space    used 2333K, capacity 2455K, committed 2560K, reserved 1048576K
Event: 2.900 GC heap after
Heap after GC invocations=16 (full 0):
 PSYoungGen      total 58368K, used 2512K [0x00000000eb380000, 0x00000000ef080000, 0x0000000100000000)
  eden space 54272K, 0% used [0x00000000eb380000,0x00000000eb380000,0x00000000ee880000)
  from space 4096K, 61% used [0x00000000eec80000,0x00000000eeef4238,0x00000000ef080000)
  to   space 4096K, 0% used [0x00000000ee880000,0x00000000ee880000,0x00000000eec80000)
 ParOldGen       total 64000K, used 9721K [0x00000000c1a00000, 0x00000000c5880000, 0x00000000eb380000)
  object space 64000K, 15% used [0x00000000c1a00000,0x00000000c237e670,0x00000000c5880000)
 Metaspace       used 18494K, capacity 18798K, committed 18944K, reserved 1064960K
  class space    used 2333K, capacity 2455K, committed 2560K, reserved 1048576K
}
Event: 3.784 GC heap before
{Heap before GC invocations=17 (full 0):
 PSYoungGen      total 58368K, used 43985K [0x00000000eb380000, 0x00000000ef080000, 0x0000000100000000)
  eden space 54272K, 76% used [0x00000000eb380000,0x00000000edc004c8,0x00000000ee880000)
  from space 4096K, 61% used [0x00000000eec80000,0x00000000eeef4238,0x00000000ef080000)
  to   space 4096K, 0% used [0x00000000ee880000,0x00000000ee880000,0x00000000eec80000)
 ParOldGen       total 64000K, used 9721K [0x00000000c1a00000, 0x00000000c5880000, 0x00000000eb380000)
  object space 64000K, 15% used [0x00000000c1a00000,0x00000000c237e670,0x00000000c5880000)
 Metaspace       used 20893K, capacity 21198K, committed 21296K, reserved 1069056K
  class space    used 2562K, capacity 2679K, committed 2688K, reserved 1048576K
Event: 3.798 GC heap after
Heap after GC invocations=17 (full 0):
 PSYoungGen      total 58368K, used 4087K [0x00000000eb380000, 0x00000000f0e00000, 0x0000000100000000)
  eden space 54272K, 0% used [0x00000000eb380000,0x00000000eb380000,0x00000000ee880000)
  from space 4096K, 99% used [0x00000000ee880000,0x00000000eec7dd28,0x00000000eec80000)
  to   space 8192K, 0% used [0x00000000f0600000,0x00000000f0600000,0x00000000f0e00000)
 ParOldGen       total 64000K, used 18952K [0x00000000c1a00000, 0x00000000c5880000, 0x00000000eb380000)
  object space 64000K, 29% used [0x00000000c1a00000,0x00000000c2c821d0,0x00000000c5880000)
 Metaspace       used 20893K, capacity 21198K, committed 21296K, reserved 1069056K
  class space    used 2562K, capacity 2679K, committed 2688K, reserved 1048576K
}
Event: 3.798 GC heap before
{Heap before GC invocations=18 (full 1):
 PSYoungGen      total 58368K, used 4087K [0x00000000eb380000, 0x00000000f0e00000, 0x0000000100000000)
  eden space 54272K, 0% used [0x00000000eb380000,0x00000000eb380000,0x00000000ee880000)
  from space 4096K, 99% used [0x00000000ee880000,0x00000000eec7dd28,0x00000000eec80000)
  to   space 8192K, 0% used [0x00000000f0600000,0x00000000f0600000,0x00000000f0e00000)
 ParOldGen       total 64000K, used 18952K [0x00000000c1a00000, 0x00000000c5880000, 0x00000000eb380000)
  object space 64000K, 29% used [0x00000000c1a00000,0x00000000c2c821d0,0x00000000c5880000)
 Metaspace       used 20893K, capacity 21198K, committed 21296K, reserved 1069056K
  class space    used 2562K, capacity 2679K, committed 2688K, reserved 1048576K
Event: 3.907 GC heap after
Heap after GC invocations=18 (full 1):
 PSYoungGen      total 58368K, used 0K [0x00000000eb380000, 0x00000000f0e00000, 0x0000000100000000)
  eden space 54272K, 0% used [0x00000000eb380000,0x00000000eb380000,0x00000000ee880000)
  from space 4096K, 0% used [0x00000000ee880000,0x00000000ee880000,0x00000000eec80000)
  to   space 8192K, 0% used [0x00000000f0600000,0x00000000f0600000,0x00000000f0e00000)
 ParOldGen       total 26624K, used 20234K [0x00000000c1a00000, 0x00000000c3400000, 0x00000000eb380000)
  object space 26624K, 76% used [0x00000000c1a00000,0x00000000c2dc2b58,0x00000000c3400000)
 Metaspace       used 20893K, capacity 21198K, committed 21296K, reserved 1069056K
  class space    used 2562K, capacity 2679K, committed 2688K, reserved 1048576K
}

Deoptimization events (10 events):
Event: 3.578 Thread 0x00000000013ed800 Uncommon trap: reason=bimorphic action=maybe_recompile pc=0x00000000032ea888 method=java.util.regex.Pattern$CharProperty.match(Ljava/util/regex/Matcher;ILjava/lang/CharSequence;)Z @ 37
Event: 3.694 Thread 0x00000000013ed800 Uncommon trap: reason=unreached action=reinterpret pc=0x00000000038c5b48 method=com.sun.tools.javac.code.Scope.lookup(Lcom/sun/tools/javac/util/Name;Lcom/sun/tools/javac/util/Filter;)Lcom/sun/tools/javac/code/Scope$Entry; @ 19
Event: 3.714 Thread 0x00000000013ed800 Uncommon trap: reason=bimorphic action=maybe_recompile pc=0x000000000397dfd0 method=com.sun.tools.javac.code.Types$20.visitClassType(Lcom/sun/tools/javac/code/Type$ClassType;Ljava/lang/Void;)Lcom/sun/tools/javac/code/Type; @ 54
Event: 3.714 Thread 0x00000000013ed800 Uncommon trap: reason=bimorphic action=maybe_recompile pc=0x000000000397dfd0 method=com.sun.tools.javac.code.Types$20.visitClassType(Lcom/sun/tools/javac/code/Type$ClassType;Ljava/lang/Void;)Lcom/sun/tools/javac/code/Type; @ 54
Event: 3.731 Thread 0x00000000013ed800 Uncommon trap: reason=bimorphic action=maybe_recompile pc=0x000000000397dfd0 method=com.sun.tools.javac.code.Types$20.visitClassType(Lcom/sun/tools/javac/code/Type$ClassType;Ljava/lang/Void;)Lcom/sun/tools/javac/code/Type; @ 54
Event: 3.732 Thread 0x00000000013ed800 Uncommon trap: reason=bimorphic action=maybe_recompile pc=0x000000000397dfd0 method=com.sun.tools.javac.code.Types$20.visitClassType(Lcom/sun/tools/javac/code/Type$ClassType;Ljava/lang/Void;)Lcom/sun/tools/javac/code/Type; @ 54
Event: 3.736 Thread 0x00000000013ed800 Uncommon trap: reason=unreached action=reinterpret pc=0x00000000039ba3e8 method=com.sun.tools.javac.code.Type$ClassType.getTypeArguments()Lcom/sun/tools/javac/util/List; @ 15
Event: 4.000 Thread 0x00000000013ed800 Uncommon trap: reason=predicate action=maybe_recompile pc=0x00000000036c2234 method=org.apache.maven.model.merge.ModelMerger.mergePlugin_Dependencies(Lorg/apache/maven/model/Plugin;Lorg/apache/maven/model/Plugin;ZLjava/util/Map;)V @ 121
Event: 5.242 Thread 0x00000000013ed800 Uncommon trap: reason=unreached action=reinterpret pc=0x0000000003ae4c84 method=java.util.ArrayList.<init>(Ljava/util/Collection;)V @ 32
Event: 5.487 Thread 0x00000000013ed800 Uncommon trap: reason=unreached action=reinterpret pc=0x00000000030f41fc method=java.util.HashMap.hash(Ljava/lang/Object;)I @ 1

Internal exceptions (10 events):
Event: 5.720 Thread 0x00000000013ed800 Exception <a 'java/security/PrivilegedActionException'> (0x00000000ed1bfbf8) thrown at [D:\re\workspace\8-2-build-windows-amd64-cygwin\jdk8u5\2488\hotspot\src\share\vm\prims\jvm.cpp, line 1248]
Event: 5.725 Thread 0x00000000013ed800 Exception <a 'java/security/PrivilegedActionException'> (0x00000000ed1d8190) thrown at [D:\re\workspace\8-2-build-windows-amd64-cygwin\jdk8u5\2488\hotspot\src\share\vm\prims\jvm.cpp, line 1248]
Event: 5.739 Thread 0x00000000013ed800 Exception <a 'java/security/PrivilegedActionException'> (0x00000000ed3f30f0) thrown at [D:\re\workspace\8-2-build-windows-amd64-cygwin\jdk8u5\2488\hotspot\src\share\vm\prims\jvm.cpp, line 1248]
Event: 5.739 Thread 0x00000000013ed800 Exception <a 'java/security/PrivilegedActionException'> (0x00000000ed3f3ad8) thrown at [D:\re\workspace\8-2-build-windows-amd64-cygwin\jdk8u5\2488\hotspot\src\share\vm\prims\jvm.cpp, line 1248]
Event: 5.742 Thread 0x00000000013ed800 Exception <a 'java/security/PrivilegedActionException'> (0x00000000ed3fa038) thrown at [D:\re\workspace\8-2-build-windows-amd64-cygwin\jdk8u5\2488\hotspot\src\share\vm\prims\jvm.cpp, line 1248]
Event: 5.742 Thread 0x00000000013ed800 Exception <a 'java/security/PrivilegedActionException'> (0x00000000ed3fac40) thrown at [D:\re\workspace\8-2-build-windows-amd64-cygwin\jdk8u5\2488\hotspot\src\share\vm\prims\jvm.cpp, line 1248]
Event: 5.744 Thread 0x00000000013ed800 Exception <a 'java/security/PrivilegedActionException'> (0x00000000ed400ff0) thrown at [D:\re\workspace\8-2-build-windows-amd64-cygwin\jdk8u5\2488\hotspot\src\share\vm\prims\jvm.cpp, line 1248]
Event: 5.747 Thread 0x00000000013ed800 Exception <a 'java/security/PrivilegedActionException'> (0x00000000ed417a68) thrown at [D:\re\workspace\8-2-build-windows-amd64-cygwin\jdk8u5\2488\hotspot\src\share\vm\prims\jvm.cpp, line 1248]
Event: 5.749 Thread 0x00000000013ed800 Exception <a 'java/security/PrivilegedActionException'> (0x00000000ed41c618) thrown at [D:\re\workspace\8-2-build-windows-amd64-cygwin\jdk8u5\2488\hotspot\src\share\vm\prims\jvm.cpp, line 1248]
Event: 5.750 Thread 0x00000000013ed800 Exception <a 'java/security/PrivilegedActionException'> (0x00000000ed421030) thrown at [D:\re\workspace\8-2-build-windows-amd64-cygwin\jdk8u5\2488\hotspot\src\share\vm\prims\jvm.cpp, line 1248]

Events (10 events):
Event: 5.747 loading class org/codehaus/plexus/util/io/InputStreamFacade
Event: 5.747 loading class org/codehaus/plexus/util/io/InputStreamFacade done
Event: 5.749 loading class org/codehaus/plexus/util/io/FileInputStreamFacade
Event: 5.749 loading class org/codehaus/plexus/util/io/FileInputStreamFacade done
Event: 5.749 loading class org/codehaus/plexus/util/io/FileInputStreamFacade
Event: 5.749 loading class org/codehaus/plexus/util/io/FileInputStreamFacade done
Event: 5.750 loading class org/codehaus/plexus/util/IOUtil
Event: 5.750 loading class org/codehaus/plexus/util/IOUtil done
Event: 5.750 loading class org/codehaus/plexus/util/IOUtil
Event: 5.750 loading class org/codehaus/plexus/util/IOUtil done


Dynamic libraries:
0x00007ff78c8a0000 - 0x00007ff78c8d4000 	C:\Program Files\Java\jdk1.8.0_05\bin\javaw.exe
0x00007ffa8ad10000 - 0x00007ffa8aebd000 	C:\Windows\SYSTEM32\ntdll.dll
0x00007ffa888f0000 - 0x00007ffa88a2e000 	C:\Windows\system32\KERNEL32.DLL
0x00007ffa87fc0000 - 0x00007ffa880d5000 	C:\Windows\system32\KERNELBASE.dll
0x00007ffa86860000 - 0x00007ffa868ee000 	C:\Windows\system32\apphelp.dll
0x00007ffa7cd90000 - 0x00007ffa7cde3000 	C:\Windows\AppPatch\AppPatch64\AcGenral.DLL
0x00007ffa8ac00000 - 0x00007ffa8acaa000 	C:\Windows\system32\msvcrt.dll
0x00007ffa882c0000 - 0x00007ffa882ee000 	C:\Windows\system32\SspiCli.dll
0x00007ffa88dd0000 - 0x00007ffa88e24000 	C:\Windows\system32\SHLWAPI.dll
0x00007ffa88770000 - 0x00007ffa888e7000 	C:\Windows\system32\USER32.dll
0x00007ffa88b70000 - 0x00007ffa88d04000 	C:\Windows\system32\ole32.dll
0x00007ffa89220000 - 0x00007ffa8a74a000 	C:\Windows\system32\SHELL32.dll
0x00007ffa87410000 - 0x00007ffa87431000 	C:\Windows\SYSTEM32\USERENV.dll
0x00007ffa89010000 - 0x00007ffa890ba000 	C:\Windows\system32\ADVAPI32.dll
0x00007ffa7de20000 - 0x00007ffa7de3e000 	C:\Windows\SYSTEM32\MPR.dll
0x00007ffa88a30000 - 0x00007ffa88b70000 	C:\Windows\system32\RPCRT4.dll
0x00007ffa8aaa0000 - 0x00007ffa8aaf9000 	C:\Windows\SYSTEM32\sechost.dll
0x00007ffa883a0000 - 0x00007ffa885b1000 	C:\Windows\SYSTEM32\combase.dll
0x00007ffa890c0000 - 0x00007ffa8920f000 	C:\Windows\system32\GDI32.dll
0x00007ffa87e40000 - 0x00007ffa87e55000 	C:\Windows\SYSTEM32\profapi.dll
0x00007ffa860f0000 - 0x00007ffa861a2000 	C:\Windows\SYSTEM32\SHCORE.dll
0x00007ffa8a750000 - 0x00007ffa8a786000 	C:\Windows\system32\IMM32.DLL
0x00007ffa8a880000 - 0x00007ffa8a9d2000 	C:\Windows\system32\MSCTF.dll
0x00007ffa85530000 - 0x00007ffa857ab000 	C:\Windows\WinSxS\amd64_microsoft.windows.common-controls_6595b64144ccf1df_6.0.9600.18006_none_623f33d3ecbe86e8\COMCTL32.dll
0x000000005b900000 - 0x000000005b9d2000 	C:\Program Files\Java\jdk1.8.0_05\jre\bin\msvcr100.dll
0x000000005b0d0000 - 0x000000005b8fa000 	C:\Program Files\Java\jdk1.8.0_05\jre\bin\server\jvm.dll
0x00007ffa75400000 - 0x00007ffa75409000 	C:\Windows\SYSTEM32\WSOCK32.dll
0x00007ffa7c960000 - 0x00007ffa7c982000 	C:\Windows\SYSTEM32\WINMM.dll
0x00007ffa8abe0000 - 0x00007ffa8abe7000 	C:\Windows\system32\PSAPI.DLL
0x00007ffa8acb0000 - 0x00007ffa8ad0a000 	C:\Windows\system32\WS2_32.dll
0x00007ffa7c930000 - 0x00007ffa7c95a000 	C:\Windows\SYSTEM32\WINMMBASE.dll
0x00007ffa89210000 - 0x00007ffa89219000 	C:\Windows\system32\NSI.dll
0x00007ffa88350000 - 0x00007ffa8839f000 	C:\Windows\SYSTEM32\cfgmgr32.dll
0x00007ffa86c60000 - 0x00007ffa86c88000 	C:\Windows\SYSTEM32\DEVOBJ.dll
0x000000005b0c0000 - 0x000000005b0cf000 	C:\Program Files\Java\jdk1.8.0_05\jre\bin\verify.dll
0x000000005b090000 - 0x000000005b0b8000 	C:\Program Files\Java\jdk1.8.0_05\jre\bin\java.dll
0x000000005b070000 - 0x000000005b086000 	C:\Program Files\Java\jdk1.8.0_05\jre\bin\zip.dll
0x000000005b050000 - 0x000000005b06a000 	C:\Program Files\Java\jdk1.8.0_05\jre\bin\net.dll
0x00007ffa87680000 - 0x00007ffa876d9000 	C:\Windows\system32\mswsock.dll
0x000000005b030000 - 0x000000005b041000 	C:\Program Files\Java\jdk1.8.0_05\jre\bin\nio.dll
0x00007ffa80e30000 - 0x00007ffa80fb9000 	C:\Windows\SYSTEM32\dbghelp.dll

VM Arguments:
jvm_args: -Dmaven.home=C:\apache-maven-3.3.9 -Dclassworlds.conf=D:\.metadata\.plugins\org.eclipse.m2e.launching\launches\m2conf1624437902973003160.tmp -Dmaven.multiModuleProjectDirectory=D:\proj -Dfile.encoding=Cp1252 
java_command: org.codehaus.plexus.classworlds.launcher.Launcher -B clean install
java_class_path (initial): C:\apache-maven-3.3.9\boot\plexus-classworlds-2.5.2.jar
Launcher Type: SUN_STANDARD

Environment Variables:
JAVA_HOME=C:\Program Files\Java\jdk1.8.0_05
CLASSPATH=LASSPATH;z:\java\demostuds\ojdbc6.jar;Z:\Java\JDBC\sqljdbc4.jar;.;
PATH=C:\ProgramData\Oracle\Java\javapath;C:\oraclexe\app\oracle\product\10.2.0\server\bin;C:\Windows\system32;C:\Windows;C:\Windows\System32\Wbem;C:\Windows\System32\WindowsPowerShell\v1.0\;C:\Program Files\Microsoft\Web Platform Installer\;C:\Program Files (x86)\Microsoft ASP.NET\ASP.NET Web Pages\v1.0\;C:\Program Files (x86)\Windows Kits\8.0\Windows Performance Toolkit\;C:\Program Files\Microsoft SQL Server\110\Tools\Binn\;C:\Program Files (x86)\Skype\Phone\;C:\Program Files\Java\jdk1.8.0_05\bin;C:\Program Files\Apache Software Foundation\maven-2.0.7\bin;;C:\Program Files (x86)\Windows Kits\8.0\Windows Performance Toolkit\;C:\Program Files\Microsoft SQL Server\110\Tools\Binn\;C:\Program Files (x86)\Skype\Phone\;C:\Program Files\Java\jdk1.8.0_05\bin
USERNAME=Admin
OS=Windows_NT
PROCESSOR_IDENTIFIER=Intel64 Family 6 Model 42 Stepping 7, GenuineIntel



---------------  S Y S T E M  ---------------

OS: Windows 8.1 , 64 bit Build 9600 

CPU:total 8 (4 cores per cpu, 2 threads per core) family 6 model 42 stepping 7, cmov, cx8, fxsr, mmx, sse, sse2, sse3, ssse3, sse4.1, sse4.2, popcnt, avx, aes, clmul, ht, tsc, tscinvbit

Memory: 4k page, physical 4080656k(1217400k free), swap 8274964k(3816720k free)

vm_info: Java HotSpot(TM) 64-Bit Server VM (25.5-b02) for windows-amd64 JRE (1.8.0_05-b13), built on Mar 18 2014 01:08:39 by "java_re" with MS VC++ 10.0 (VS2010)

time: Sat Jul 30 10:41:53 2016
elapsed time: 6 seconds

